[debug] [2021-05-13T17:24:03.111Z] ----------------------------------------------------------------------
[debug] [2021-05-13T17:24:03.115Z] Command:       /usr/local/bin/node /usr/local/bin/firebase emulators:start --only functions
[debug] [2021-05-13T17:24:03.115Z] CLI Version:   9.3.0
[debug] [2021-05-13T17:24:03.115Z] Platform:      darwin
[debug] [2021-05-13T17:24:03.115Z] Node Version:  v14.16.0
[debug] [2021-05-13T17:24:03.116Z] Time:          Thu May 13 2021 10:24:03 GMT-0700 (Pacific Daylight Time)
[debug] [2021-05-13T17:24:03.116Z] ----------------------------------------------------------------------
[debug] [2021-05-13T17:24:03.117Z] 
[debug] [2021-05-13T17:24:03.120Z] >>> [apiv2][query] GET https://firebase-public.firebaseio.com/cli.json [none]
[debug] [2021-05-13T17:24:03.157Z] > command requires scopes: ["email","openid","https://www.googleapis.com/auth/cloudplatformprojects.readonly","https://www.googleapis.com/auth/firebase","https://www.googleapis.com/auth/cloud-platform"]
[debug] [2021-05-13T17:24:03.157Z] > authorizing via signed-in user
[info] i  emulators: Starting emulators: functions {"metadata":{"emulator":{"name":"hub"},"message":"Starting emulators: functions"}}
[debug] [2021-05-13T17:24:03.193Z] [hub] writing locator at /var/folders/_3/msbfh7nx1xx45d1rnm_k5xcw0000gn/T/hub-sangin-clone.json
[warn] ⚠  functions: The following emulators are not running, calls to these services from the Functions emulator will affect production: auth, firestore, database, hosting, pubsub {"metadata":{"emulator":{"name":"functions"},"message":"The following emulators are not running, calls to these services from the Functions emulator will affect production: \u001b[1mauth, firestore, database, hosting, pubsub\u001b[22m"}}
[warn] ⚠  Your requested "node" version "12" doesn't match your global version "14" {"metadata":{"emulator":{"name":"functions"},"message":"Your requested \"node\" version \"12\" doesn't match your global version \"14\""}}
[debug] [2021-05-13T17:24:03.257Z] defaultcredentials: writing to file /Users/kristenwoodward/.config/firebase/kristenwood123_gmail_com_application_default_credentials.json
[debug] [2021-05-13T17:24:03.267Z] Setting GAC to /Users/kristenwoodward/.config/firebase/kristenwood123_gmail_com_application_default_credentials.json {"metadata":{"emulator":{"name":"functions"},"message":"Setting GAC to /Users/kristenwoodward/.config/firebase/kristenwood123_gmail_com_application_default_credentials.json"}}
[debug] [2021-05-13T17:24:03.271Z] > refreshing access token with scopes: []
[debug] [2021-05-13T17:24:03.272Z] >>> HTTP REQUEST POST https://www.googleapis.com/oauth2/v3/token  
 <request body omitted>
[debug] [2021-05-13T17:24:03.418Z] <<< HTTP RESPONSE 200 {"date":"Thu, 13 May 2021 17:24:03 GMT","expires":"Mon, 01 Jan 1990 00:00:00 GMT","pragma":"no-cache","cache-control":"no-cache, no-store, max-age=0, must-revalidate","content-type":"application/json; charset=utf-8","vary":"X-Origin, Referer, Origin,Accept-Encoding","server":"scaffolding on HTTPServer2","x-xss-protection":"0","x-frame-options":"SAMEORIGIN","x-content-type-options":"nosniff","alt-svc":"h3-29=\":443\"; ma=2592000,h3-T051=\":443\"; ma=2592000,h3-Q050=\":443\"; ma=2592000,h3-Q046=\":443\"; ma=2592000,h3-Q043=\":443\"; ma=2592000,quic=\":443\"; ma=2592000; v=\"46,43\"","accept-ranges":"none","transfer-encoding":"chunked"}
[debug] [2021-05-13T17:24:03.440Z] >>> [apiv2][query] GET https://firebase.googleapis.com/v1beta1/projects/sangin-clone/adminSdkConfig [none]
[debug] [2021-05-13T17:24:03.466Z] <<< [apiv2][status] GET https://firebase-public.firebaseio.com/cli.json 200
[debug] [2021-05-13T17:24:03.466Z] <<< [apiv2][body] GET https://firebase-public.firebaseio.com/cli.json {"cloudBuildErrorAfter":1594252800000,"cloudBuildWarnAfter":1590019200000,"defaultNode10After":1594252800000,"minVersion":"3.0.5","node8DeploysDisabledAfter":1613390400000,"node8RuntimeDisabledAfter":1615809600000,"node8WarnAfter":1600128000000}
[debug] [2021-05-13T17:24:03.741Z] <<< [apiv2][status] GET https://firebase.googleapis.com/v1beta1/projects/sangin-clone/adminSdkConfig 200
[debug] [2021-05-13T17:24:03.741Z] <<< [apiv2][body] GET https://firebase.googleapis.com/v1beta1/projects/sangin-clone/adminSdkConfig {"projectId":"sangin-clone","storageBucket":"sangin-clone.appspot.com"}
[debug] [2021-05-13T17:24:04.047Z] Ignoring unsupported arg: auto_download {"metadata":{"emulator":{"name":"ui"},"message":"Ignoring unsupported arg: auto_download"}}
[debug] [2021-05-13T17:24:04.048Z] Ignoring unsupported arg: port {"metadata":{"emulator":{"name":"ui"},"message":"Ignoring unsupported arg: port"}}
[debug] [2021-05-13T17:24:04.048Z] Starting Emulator UI with command {"binary":"node","args":["/Users/kristenwoodward/.cache/firebase/emulators/ui-v1.4.1/server.bundle.js"],"optionalArgs":[],"joinArgs":false} {"metadata":{"emulator":{"name":"ui"},"message":"Starting Emulator UI with command {\"binary\":\"node\",\"args\":[\"/Users/kristenwoodward/.cache/firebase/emulators/ui-v1.4.1/server.bundle.js\"],\"optionalArgs\":[],\"joinArgs\":false}"}}
[info] i  ui: Emulator UI logging to ui-debug.log {"metadata":{"emulator":{"name":"ui"},"message":"Emulator UI logging to \u001b[1mui-debug.log\u001b[22m"}}
[debug] [2021-05-13T17:24:04.291Z] Web / API server started at http://localhost:4000
 {"metadata":{"emulator":{"name":"ui"},"message":"Web / API server started at http://localhost:4000\n"}}
[info] i  functions: Watching "/Users/kristenwoodward/Desktop/React/ecommerce-app/functions" for Cloud Functions... {"metadata":{"emulator":{"name":"functions"},"message":"Watching \"/Users/kristenwoodward/Desktop/React/ecommerce-app/functions\" for Cloud Functions..."}}
[debug] [2021-05-13T17:24:04.353Z] [worker-pool] addWorker(~diagnostic~) {"metadata":{"emulator":{"name":"functions"},"message":"[worker-pool] addWorker(~diagnostic~)"}}
[debug] [2021-05-13T17:24:04.353Z] [worker-pool] Adding worker with key ~diagnostic~, total=1 {"metadata":{"emulator":{"name":"functions"},"message":"[worker-pool] Adding worker with key ~diagnostic~, total=1"}}
[debug] [2021-05-13T17:24:04.354Z] [worker-pool] submitWork(triggerId=) {"metadata":{"emulator":{"name":"functions"},"message":"[worker-pool] submitWork(triggerId=)"}}
[debug] [2021-05-13T17:24:04.355Z] [worker-~diagnostic~-d67a5398-bb0d-4d6f-a895-f2e3d6a12abc]: Assigning socketPath: /var/folders/_3/msbfh7nx1xx45d1rnm_k5xcw0000gn/T/fire_emu_1678.sock {"metadata":{"emulator":{"name":"functions"},"message":"[worker-~diagnostic~-d67a5398-bb0d-4d6f-a895-f2e3d6a12abc]: Assigning socketPath: /var/folders/_3/msbfh7nx1xx45d1rnm_k5xcw0000gn/T/fire_emu_1678.sock"}}
[debug] [2021-05-13T17:24:04.356Z] [worker-~diagnostic~-d67a5398-bb0d-4d6f-a895-f2e3d6a12abc]: BUSY {"metadata":{"emulator":{"name":"functions"},"message":"[worker-~diagnostic~-d67a5398-bb0d-4d6f-a895-f2e3d6a12abc]: BUSY"}}
[debug] [2021-05-13T17:24:04.589Z] [runtime-status] [1678] Functions runtime initialized. {"cwd":"/Users/kristenwoodward/Desktop/React/ecommerce-app/functions","node_version":"14.16.0"} {"metadata":{"emulator":{"name":"functions"},"message":"[runtime-status] [1678] Functions runtime initialized. {\"cwd\":\"/Users/kristenwoodward/Desktop/React/ecommerce-app/functions\",\"node_version\":\"14.16.0\"}"}}
[debug] [2021-05-13T17:24:04.592Z] [runtime-status] [1678] Disabled runtime features: undefined {"metadata":{"emulator":{"name":"functions"},"message":"[runtime-status] [1678] Disabled runtime features: undefined"}}
[debug] [2021-05-13T17:24:04.598Z] [runtime-status] [1678] Resolved module firebase-admin {"declared":true,"installed":true,"version":"9.8.0","resolution":"/Users/kristenwoodward/Desktop/React/ecommerce-app/functions/node_modules/firebase-admin/lib/index.js"} {"metadata":{"emulator":{"name":"functions"},"message":"[runtime-status] [1678] Resolved module firebase-admin {\"declared\":true,\"installed\":true,\"version\":\"9.8.0\",\"resolution\":\"/Users/kristenwoodward/Desktop/React/ecommerce-app/functions/node_modules/firebase-admin/lib/index.js\"}"}}
[debug] [2021-05-13T17:24:04.603Z] [runtime-status] [1678] Resolved module firebase-functions {"declared":true,"installed":true,"version":"3.13.2","resolution":"/Users/kristenwoodward/Desktop/React/ecommerce-app/functions/node_modules/firebase-functions/lib/index.js"} {"metadata":{"emulator":{"name":"functions"},"message":"[runtime-status] [1678] Resolved module firebase-functions {\"declared\":true,\"installed\":true,\"version\":\"3.13.2\",\"resolution\":\"/Users/kristenwoodward/Desktop/React/ecommerce-app/functions/node_modules/firebase-functions/lib/index.js\"}"}}
[debug] [2021-05-13T17:24:04.608Z] [runtime-status] [1678] Resolved module firebase-functions {"declared":true,"installed":true,"version":"3.13.2","resolution":"/Users/kristenwoodward/Desktop/React/ecommerce-app/functions/node_modules/firebase-functions/lib/index.js"} {"metadata":{"emulator":{"name":"functions"},"message":"[runtime-status] [1678] Resolved module firebase-functions {\"declared\":true,\"installed\":true,\"version\":\"3.13.2\",\"resolution\":\"/Users/kristenwoodward/Desktop/React/ecommerce-app/functions/node_modules/firebase-functions/lib/index.js\"}"}}
[debug] [2021-05-13T17:24:04.613Z] [runtime-status] [1678] Outgoing network have been stubbed. [{"name":"http","status":"mocked"},{"name":"http","status":"mocked"},{"name":"https","status":"mocked"},{"name":"https","status":"mocked"},{"name":"net","status":"mocked"}] {"metadata":{"emulator":{"name":"functions"},"message":"[runtime-status] [1678] Outgoing network have been stubbed. [{\"name\":\"http\",\"status\":\"mocked\"},{\"name\":\"http\",\"status\":\"mocked\"},{\"name\":\"https\",\"status\":\"mocked\"},{\"name\":\"https\",\"status\":\"mocked\"},{\"name\":\"net\",\"status\":\"mocked\"}]"}}
[debug] [2021-05-13T17:24:04.615Z] [runtime-status] [1678] Resolved module firebase-functions {"declared":true,"installed":true,"version":"3.13.2","resolution":"/Users/kristenwoodward/Desktop/React/ecommerce-app/functions/node_modules/firebase-functions/lib/index.js"} {"metadata":{"emulator":{"name":"functions"},"message":"[runtime-status] [1678] Resolved module firebase-functions {\"declared\":true,\"installed\":true,\"version\":\"3.13.2\",\"resolution\":\"/Users/kristenwoodward/Desktop/React/ecommerce-app/functions/node_modules/firebase-functions/lib/index.js\"}"}}
[debug] [2021-05-13T17:24:04.713Z] [runtime-status] [1678] Checked functions.config() {"config":{}} {"metadata":{"emulator":{"name":"functions"},"message":"[runtime-status] [1678] Checked functions.config() {\"config\":{}}"}}
[debug] [2021-05-13T17:24:04.714Z] [runtime-status] [1678] firebase-functions has been stubbed. {"functionsResolution":{"declared":true,"installed":true,"version":"3.13.2","resolution":"/Users/kristenwoodward/Desktop/React/ecommerce-app/functions/node_modules/firebase-functions/lib/index.js"}} {"metadata":{"emulator":{"name":"functions"},"message":"[runtime-status] [1678] firebase-functions has been stubbed. {\"functionsResolution\":{\"declared\":true,\"installed\":true,\"version\":\"3.13.2\",\"resolution\":\"/Users/kristenwoodward/Desktop/React/ecommerce-app/functions/node_modules/firebase-functions/lib/index.js\"}}"}}
[debug] [2021-05-13T17:24:04.715Z] [runtime-status] [1678] Resolved module firebase-functions {"declared":true,"installed":true,"version":"3.13.2","resolution":"/Users/kristenwoodward/Desktop/React/ecommerce-app/functions/node_modules/firebase-functions/lib/index.js"} {"metadata":{"emulator":{"name":"functions"},"message":"[runtime-status] [1678] Resolved module firebase-functions {\"declared\":true,\"installed\":true,\"version\":\"3.13.2\",\"resolution\":\"/Users/kristenwoodward/Desktop/React/ecommerce-app/functions/node_modules/firebase-functions/lib/index.js\"}"}}
[debug] [2021-05-13T17:24:04.716Z] [runtime-status] [1678] Resolved module firebase-admin {"declared":true,"installed":true,"version":"9.8.0","resolution":"/Users/kristenwoodward/Desktop/React/ecommerce-app/functions/node_modules/firebase-admin/lib/index.js"} {"metadata":{"emulator":{"name":"functions"},"message":"[runtime-status] [1678] Resolved module firebase-admin {\"declared\":true,\"installed\":true,\"version\":\"9.8.0\",\"resolution\":\"/Users/kristenwoodward/Desktop/React/ecommerce-app/functions/node_modules/firebase-admin/lib/index.js\"}"}}
[debug] [2021-05-13T17:24:04.717Z] [runtime-status] [1678] Resolved module firebase-functions {"declared":true,"installed":true,"version":"3.13.2","resolution":"/Users/kristenwoodward/Desktop/React/ecommerce-app/functions/node_modules/firebase-functions/lib/index.js"} {"metadata":{"emulator":{"name":"functions"},"message":"[runtime-status] [1678] Resolved module firebase-functions {\"declared\":true,\"installed\":true,\"version\":\"3.13.2\",\"resolution\":\"/Users/kristenwoodward/Desktop/React/ecommerce-app/functions/node_modules/firebase-functions/lib/index.js\"}"}}
[debug] [2021-05-13T17:24:04.718Z] [runtime-status] [1678] firebase-admin has been stubbed. {"adminResolution":{"declared":true,"installed":true,"version":"9.8.0","resolution":"/Users/kristenwoodward/Desktop/React/ecommerce-app/functions/node_modules/firebase-admin/lib/index.js"}} {"metadata":{"emulator":{"name":"functions"},"message":"[runtime-status] [1678] firebase-admin has been stubbed. {\"adminResolution\":{\"declared\":true,\"installed\":true,\"version\":\"9.8.0\",\"resolution\":\"/Users/kristenwoodward/Desktop/React/ecommerce-app/functions/node_modules/firebase-admin/lib/index.js\"}}"}}
[info] ✔  functions[api]: http function initialized (http://localhost:5001/sangin-clone/us-central1/api). {"metadata":{"emulator":{"name":"functions"},"message":"\u001b[1mhttp\u001b[22m function initialized (http://localhost:5001/sangin-clone/us-central1/api)."}}
[info] 
┌─────────────────────────────────────────────────────────────┐
│ ✔  All emulators ready! It is now safe to connect your app. │
│ i  View Emulator UI at http://localhost:4000                │
└─────────────────────────────────────────────────────────────┘

┌───────────┬────────────────┬─────────────────────────────────┐
│ Emulator  │ Host:Port      │ View in Emulator UI             │
├───────────┼────────────────┼─────────────────────────────────┤
│ Functions │ localhost:5001 │ http://localhost:4000/functions │
└───────────┴────────────────┴─────────────────────────────────┘
  Emulator Hub running at localhost:4400
  Other reserved ports: 4500

Issues? Report them at https://github.com/firebase/firebase-tools/issues and attach the *-debug.log files.
 
[debug] [2021-05-13T17:24:05.093Z] [worker-~diagnostic~-d67a5398-bb0d-4d6f-a895-f2e3d6a12abc]: IDLE {"metadata":{"emulator":{"name":"functions"},"message":"[worker-~diagnostic~-d67a5398-bb0d-4d6f-a895-f2e3d6a12abc]: IDLE"}}
[debug] [2021-05-13T17:24:23.661Z] [work-queue] {"queueLength":1,"workRunningCount":0}
[debug] [2021-05-13T17:24:23.662Z] [work-queue] {"queueLength":0,"workRunningCount":1}
[debug] [2021-05-13T17:24:23.662Z] Accepted request GET /sangin-clone/us-central1/api/payments/create --> api
[debug] [2021-05-13T17:24:23.675Z] [worker-pool] addWorker(api) {"metadata":{"emulator":{"name":"functions"},"message":"[worker-pool] addWorker(api)"}}
[debug] [2021-05-13T17:24:23.675Z] [worker-pool] Adding worker with key api, total=1 {"metadata":{"emulator":{"name":"functions"},"message":"[worker-pool] Adding worker with key api, total=1"}}
[debug] [2021-05-13T17:24:23.675Z] [worker-pool] submitWork(triggerId=api) {"metadata":{"emulator":{"name":"functions"},"message":"[worker-pool] submitWork(triggerId=api)"}}
[debug] [2021-05-13T17:24:23.676Z] [worker-api-340a92ab-725d-4035-9b1a-32f0b26db163]: Assigning socketPath: /var/folders/_3/msbfh7nx1xx45d1rnm_k5xcw0000gn/T/fire_emu_1686.sock {"metadata":{"emulator":{"name":"functions"},"message":"[worker-api-340a92ab-725d-4035-9b1a-32f0b26db163]: Assigning socketPath: /var/folders/_3/msbfh7nx1xx45d1rnm_k5xcw0000gn/T/fire_emu_1686.sock"}}
[debug] [2021-05-13T17:24:23.676Z] [worker-api-340a92ab-725d-4035-9b1a-32f0b26db163]: BUSY {"metadata":{"emulator":{"name":"functions"},"message":"[worker-api-340a92ab-725d-4035-9b1a-32f0b26db163]: BUSY"}}
[debug] [2021-05-13T17:24:24.109Z] [runtime-status] [1686] Functions runtime initialized. {"cwd":"/Users/kristenwoodward/Desktop/React/ecommerce-app/functions","node_version":"14.16.0"} {"metadata":{"emulator":{"name":"functions"},"function":{"name":"api"},"message":"[runtime-status] [1686] Functions runtime initialized. {\"cwd\":\"/Users/kristenwoodward/Desktop/React/ecommerce-app/functions\",\"node_version\":\"14.16.0\"}"}}
[debug] [2021-05-13T17:24:24.112Z] [runtime-status] [1686] Disabled runtime features: undefined {"metadata":{"emulator":{"name":"functions"},"function":{"name":"api"},"message":"[runtime-status] [1686] Disabled runtime features: undefined"}}
[debug] [2021-05-13T17:24:24.126Z] [runtime-status] [1686] Resolved module firebase-admin {"declared":true,"installed":true,"version":"9.8.0","resolution":"/Users/kristenwoodward/Desktop/React/ecommerce-app/functions/node_modules/firebase-admin/lib/index.js"} {"metadata":{"emulator":{"name":"functions"},"function":{"name":"api"},"message":"[runtime-status] [1686] Resolved module firebase-admin {\"declared\":true,\"installed\":true,\"version\":\"9.8.0\",\"resolution\":\"/Users/kristenwoodward/Desktop/React/ecommerce-app/functions/node_modules/firebase-admin/lib/index.js\"}"}}
[debug] [2021-05-13T17:24:24.129Z] [runtime-status] [1686] Resolved module firebase-functions {"declared":true,"installed":true,"version":"3.13.2","resolution":"/Users/kristenwoodward/Desktop/React/ecommerce-app/functions/node_modules/firebase-functions/lib/index.js"} {"metadata":{"emulator":{"name":"functions"},"function":{"name":"api"},"message":"[runtime-status] [1686] Resolved module firebase-functions {\"declared\":true,\"installed\":true,\"version\":\"3.13.2\",\"resolution\":\"/Users/kristenwoodward/Desktop/React/ecommerce-app/functions/node_modules/firebase-functions/lib/index.js\"}"}}
[debug] [2021-05-13T17:24:24.137Z] [runtime-status] [1686] Resolved module firebase-functions {"declared":true,"installed":true,"version":"3.13.2","resolution":"/Users/kristenwoodward/Desktop/React/ecommerce-app/functions/node_modules/firebase-functions/lib/index.js"} {"metadata":{"emulator":{"name":"functions"},"function":{"name":"api"},"message":"[runtime-status] [1686] Resolved module firebase-functions {\"declared\":true,\"installed\":true,\"version\":\"3.13.2\",\"resolution\":\"/Users/kristenwoodward/Desktop/React/ecommerce-app/functions/node_modules/firebase-functions/lib/index.js\"}"}}
[debug] [2021-05-13T17:24:24.140Z] [runtime-status] [1686] Outgoing network have been stubbed. [{"name":"http","status":"mocked"},{"name":"http","status":"mocked"},{"name":"https","status":"mocked"},{"name":"https","status":"mocked"},{"name":"net","status":"mocked"}] {"metadata":{"emulator":{"name":"functions"},"function":{"name":"api"},"message":"[runtime-status] [1686] Outgoing network have been stubbed. [{\"name\":\"http\",\"status\":\"mocked\"},{\"name\":\"http\",\"status\":\"mocked\"},{\"name\":\"https\",\"status\":\"mocked\"},{\"name\":\"https\",\"status\":\"mocked\"},{\"name\":\"net\",\"status\":\"mocked\"}]"}}
[debug] [2021-05-13T17:24:24.143Z] [runtime-status] [1686] Resolved module firebase-functions {"declared":true,"installed":true,"version":"3.13.2","resolution":"/Users/kristenwoodward/Desktop/React/ecommerce-app/functions/node_modules/firebase-functions/lib/index.js"} {"metadata":{"emulator":{"name":"functions"},"function":{"name":"api"},"message":"[runtime-status] [1686] Resolved module firebase-functions {\"declared\":true,\"installed\":true,\"version\":\"3.13.2\",\"resolution\":\"/Users/kristenwoodward/Desktop/React/ecommerce-app/functions/node_modules/firebase-functions/lib/index.js\"}"}}
[debug] [2021-05-13T17:24:24.307Z] [runtime-status] [1686] Checked functions.config() {"config":{}} {"metadata":{"emulator":{"name":"functions"},"function":{"name":"api"},"message":"[runtime-status] [1686] Checked functions.config() {\"config\":{}}"}}
[debug] [2021-05-13T17:24:24.308Z] [runtime-status] [1686] firebase-functions has been stubbed. {"functionsResolution":{"declared":true,"installed":true,"version":"3.13.2","resolution":"/Users/kristenwoodward/Desktop/React/ecommerce-app/functions/node_modules/firebase-functions/lib/index.js"}} {"metadata":{"emulator":{"name":"functions"},"function":{"name":"api"},"message":"[runtime-status] [1686] firebase-functions has been stubbed. {\"functionsResolution\":{\"declared\":true,\"installed\":true,\"version\":\"3.13.2\",\"resolution\":\"/Users/kristenwoodward/Desktop/React/ecommerce-app/functions/node_modules/firebase-functions/lib/index.js\"}}"}}
[debug] [2021-05-13T17:24:24.310Z] [runtime-status] [1686] Resolved module firebase-functions {"declared":true,"installed":true,"version":"3.13.2","resolution":"/Users/kristenwoodward/Desktop/React/ecommerce-app/functions/node_modules/firebase-functions/lib/index.js"} {"metadata":{"emulator":{"name":"functions"},"function":{"name":"api"},"message":"[runtime-status] [1686] Resolved module firebase-functions {\"declared\":true,\"installed\":true,\"version\":\"3.13.2\",\"resolution\":\"/Users/kristenwoodward/Desktop/React/ecommerce-app/functions/node_modules/firebase-functions/lib/index.js\"}"}}
[debug] [2021-05-13T17:24:24.313Z] [runtime-status] [1686] Resolved module firebase-admin {"declared":true,"installed":true,"version":"9.8.0","resolution":"/Users/kristenwoodward/Desktop/React/ecommerce-app/functions/node_modules/firebase-admin/lib/index.js"} {"metadata":{"emulator":{"name":"functions"},"function":{"name":"api"},"message":"[runtime-status] [1686] Resolved module firebase-admin {\"declared\":true,\"installed\":true,\"version\":\"9.8.0\",\"resolution\":\"/Users/kristenwoodward/Desktop/React/ecommerce-app/functions/node_modules/firebase-admin/lib/index.js\"}"}}
[debug] [2021-05-13T17:24:24.319Z] [runtime-status] [1686] Resolved module firebase-functions {"declared":true,"installed":true,"version":"3.13.2","resolution":"/Users/kristenwoodward/Desktop/React/ecommerce-app/functions/node_modules/firebase-functions/lib/index.js"} {"metadata":{"emulator":{"name":"functions"},"function":{"name":"api"},"message":"[runtime-status] [1686] Resolved module firebase-functions {\"declared\":true,\"installed\":true,\"version\":\"3.13.2\",\"resolution\":\"/Users/kristenwoodward/Desktop/React/ecommerce-app/functions/node_modules/firebase-functions/lib/index.js\"}"}}
[debug] [2021-05-13T17:24:24.320Z] [runtime-status] [1686] firebase-admin has been stubbed. {"adminResolution":{"declared":true,"installed":true,"version":"9.8.0","resolution":"/Users/kristenwoodward/Desktop/React/ecommerce-app/functions/node_modules/firebase-admin/lib/index.js"}} {"metadata":{"emulator":{"name":"functions"},"function":{"name":"api"},"message":"[runtime-status] [1686] firebase-admin has been stubbed. {\"adminResolution\":{\"declared\":true,\"installed\":true,\"version\":\"9.8.0\",\"resolution\":\"/Users/kristenwoodward/Desktop/React/ecommerce-app/functions/node_modules/firebase-admin/lib/index.js\"}}"}}
[debug] [2021-05-13T17:24:24.774Z] [runtime-status] [1686] Trigger "api" has been found, beginning invocation! {"metadata":{"emulator":{"name":"functions"},"function":{"name":"api"},"message":"[runtime-status] [1686] Trigger \"api\" has been found, beginning invocation!"}}
[info] i  functions: Beginning execution of "api" {"metadata":{"emulator":{"name":"functions"},"function":{"name":"api"},"message":"Beginning execution of \"api\""}}
[debug] [2021-05-13T17:24:24.780Z] [runtime-status] [1686] triggerDefinition {"httpsTrigger":{},"name":"api","entryPoint":"api"} {"metadata":{"emulator":{"name":"functions"},"function":{"name":"api"},"message":"[runtime-status] [1686] triggerDefinition {\"httpsTrigger\":{},\"name\":\"api\",\"entryPoint\":\"api\"}"}}
[debug] [2021-05-13T17:24:24.780Z] [runtime-status] [1686] Running api in mode HTTPS {"metadata":{"emulator":{"name":"functions"},"function":{"name":"api"},"message":"[runtime-status] [1686] Running api in mode HTTPS"}}
[debug] [2021-05-13T17:24:24.812Z] [runtime-status] [1686] Attempting to listen to socketPath: /var/folders/_3/msbfh7nx1xx45d1rnm_k5xcw0000gn/T/fire_emu_1686.sock {"metadata":{"emulator":{"name":"functions"},"function":{"name":"api"},"message":"[runtime-status] [1686] Attempting to listen to socketPath: /var/folders/_3/msbfh7nx1xx45d1rnm_k5xcw0000gn/T/fire_emu_1686.sock"}}
[debug] [2021-05-13T17:24:24.830Z] [functions] Runtime ready! Sending request! {"metadata":{"emulator":{"name":"functions"},"message":"[functions] Runtime ready! Sending request!"}}
[debug] [2021-05-13T17:24:24.831Z] [functions] Got req.url=/sangin-clone/us-central1/api/payments/create, mapping to path=/payments/create {"metadata":{"emulator":{"name":"functions"},"message":"[functions] Got req.url=/sangin-clone/us-central1/api/payments/create, mapping to path=/payments/create"}}
[debug] [2021-05-13T17:24:24.875Z] [runtime-status] [1686] Ephemeral server handling GET request {"metadata":{"emulator":{"name":"functions"},"function":{"name":"api"},"message":"[runtime-status] [1686] Ephemeral server handling GET request"}}
[debug] [2021-05-13T17:24:24.921Z] [runtime-status] [1686] Ephemeral server survived. {"metadata":{"emulator":{"name":"functions"},"function":{"name":"api"},"message":"[runtime-status] [1686] Ephemeral server survived."}}
[info] i  functions: Finished "api" in ~1s {"metadata":{"emulator":{"name":"functions"},"function":{"name":"api"},"message":"Finished \"api\" in ~1s"}}
[debug] [2021-05-13T17:24:24.963Z] [worker-api-340a92ab-725d-4035-9b1a-32f0b26db163]: IDLE {"metadata":{"emulator":{"name":"functions"},"message":"[worker-api-340a92ab-725d-4035-9b1a-32f0b26db163]: IDLE"}}
[debug] [2021-05-13T17:24:24.964Z] [work-queue] {"queueLength":0,"workRunningCount":0}
[debug] [2021-05-13T17:25:00.205Z] [work-queue] {"queueLength":1,"workRunningCount":0}
[debug] [2021-05-13T17:25:00.206Z] [work-queue] {"queueLength":0,"workRunningCount":1}
[debug] [2021-05-13T17:25:00.206Z] Accepted request OPTIONS /sangin-clone/us-central1/api/payments/create --> api
[debug] [2021-05-13T17:25:00.206Z] [worker-pool] submitWork(triggerId=api) {"metadata":{"emulator":{"name":"functions"},"message":"[worker-pool] submitWork(triggerId=api)"}}
[debug] [2021-05-13T17:25:00.206Z] [worker-api-340a92ab-725d-4035-9b1a-32f0b26db163]: Assigning socketPath: /var/folders/_3/msbfh7nx1xx45d1rnm_k5xcw0000gn/T/fire_emu_1686.sock {"metadata":{"emulator":{"name":"functions"},"message":"[worker-api-340a92ab-725d-4035-9b1a-32f0b26db163]: Assigning socketPath: /var/folders/_3/msbfh7nx1xx45d1rnm_k5xcw0000gn/T/fire_emu_1686.sock"}}
[debug] [2021-05-13T17:25:00.206Z] [worker-api-340a92ab-725d-4035-9b1a-32f0b26db163]: BUSY {"metadata":{"emulator":{"name":"functions"},"message":"[worker-api-340a92ab-725d-4035-9b1a-32f0b26db163]: BUSY"}}
[debug] [2021-05-13T17:25:00.230Z] [runtime-status] [1686] Trigger "api" has been found, beginning invocation! {"metadata":{"emulator":{"name":"functions"},"function":{"name":"api"},"message":"[runtime-status] [1686] Trigger \"api\" has been found, beginning invocation!"}}
[info] i  functions: Beginning execution of "api" {"metadata":{"emulator":{"name":"functions"},"function":{"name":"api"},"message":"Beginning execution of \"api\""}}
[debug] [2021-05-13T17:25:00.230Z] [runtime-status] [1686] triggerDefinition {"httpsTrigger":{},"name":"api","entryPoint":"api"} {"metadata":{"emulator":{"name":"functions"},"function":{"name":"api"},"message":"[runtime-status] [1686] triggerDefinition {\"httpsTrigger\":{},\"name\":\"api\",\"entryPoint\":\"api\"}"}}
[debug] [2021-05-13T17:25:00.230Z] [runtime-status] [1686] Running api in mode HTTPS {"metadata":{"emulator":{"name":"functions"},"function":{"name":"api"},"message":"[runtime-status] [1686] Running api in mode HTTPS"}}
[debug] [2021-05-13T17:25:00.230Z] [runtime-status] [1686] Attempting to listen to socketPath: /var/folders/_3/msbfh7nx1xx45d1rnm_k5xcw0000gn/T/fire_emu_1686.sock {"metadata":{"emulator":{"name":"functions"},"function":{"name":"api"},"message":"[runtime-status] [1686] Attempting to listen to socketPath: /var/folders/_3/msbfh7nx1xx45d1rnm_k5xcw0000gn/T/fire_emu_1686.sock"}}
[debug] [2021-05-13T17:25:00.238Z] [functions] Runtime ready! Sending request! {"metadata":{"emulator":{"name":"functions"},"message":"[functions] Runtime ready! Sending request!"}}
[debug] [2021-05-13T17:25:00.239Z] [functions] Got req.url=/sangin-clone/us-central1/api/payments/create, mapping to path=/payments/create {"metadata":{"emulator":{"name":"functions"},"message":"[functions] Got req.url=/sangin-clone/us-central1/api/payments/create, mapping to path=/payments/create"}}
[debug] [2021-05-13T17:25:00.251Z] [runtime-status] [1686] Ephemeral server handling OPTIONS request {"metadata":{"emulator":{"name":"functions"},"function":{"name":"api"},"message":"[runtime-status] [1686] Ephemeral server handling OPTIONS request"}}
[debug] [2021-05-13T17:25:00.251Z] [runtime-status] [1686] Ephemeral server survived. {"metadata":{"emulator":{"name":"functions"},"function":{"name":"api"},"message":"[runtime-status] [1686] Ephemeral server survived."}}
[debug] [2021-05-13T17:25:00.271Z] [work-queue] {"queueLength":1,"workRunningCount":1}
[debug] [2021-05-13T17:25:00.271Z] [work-queue] {"queueLength":0,"workRunningCount":2}
[debug] [2021-05-13T17:25:00.272Z] Accepted request POST /sangin-clone/us-central1/api/payments/create --> api
[debug] [2021-05-13T17:25:00.318Z] [worker-pool] addWorker(api) {"metadata":{"emulator":{"name":"functions"},"message":"[worker-pool] addWorker(api)"}}
[debug] [2021-05-13T17:25:00.319Z] [worker-pool] Adding worker with key api, total=2 {"metadata":{"emulator":{"name":"functions"},"message":"[worker-pool] Adding worker with key api, total=2"}}
[debug] [2021-05-13T17:25:00.319Z] [worker-pool] submitWork(triggerId=api) {"metadata":{"emulator":{"name":"functions"},"message":"[worker-pool] submitWork(triggerId=api)"}}
[debug] [2021-05-13T17:25:00.319Z] [worker-api-4e97d13c-b49d-4cdd-ab21-28ae4aa7266e]: Assigning socketPath: /var/folders/_3/msbfh7nx1xx45d1rnm_k5xcw0000gn/T/fire_emu_1691.sock {"metadata":{"emulator":{"name":"functions"},"message":"[worker-api-4e97d13c-b49d-4cdd-ab21-28ae4aa7266e]: Assigning socketPath: /var/folders/_3/msbfh7nx1xx45d1rnm_k5xcw0000gn/T/fire_emu_1691.sock"}}
[debug] [2021-05-13T17:25:00.319Z] [worker-api-4e97d13c-b49d-4cdd-ab21-28ae4aa7266e]: BUSY {"metadata":{"emulator":{"name":"functions"},"message":"[worker-api-4e97d13c-b49d-4cdd-ab21-28ae4aa7266e]: BUSY"}}
[info] i  functions: Finished "api" in ~1s {"metadata":{"emulator":{"name":"functions"},"function":{"name":"api"},"message":"Finished \"api\" in ~1s"}}
[debug] [2021-05-13T17:25:00.320Z] [worker-api-340a92ab-725d-4035-9b1a-32f0b26db163]: IDLE {"metadata":{"emulator":{"name":"functions"},"message":"[worker-api-340a92ab-725d-4035-9b1a-32f0b26db163]: IDLE"}}
[debug] [2021-05-13T17:25:00.321Z] [work-queue] {"queueLength":0,"workRunningCount":1}
[debug] [2021-05-13T17:25:00.863Z] [runtime-status] [1691] Functions runtime initialized. {"cwd":"/Users/kristenwoodward/Desktop/React/ecommerce-app/functions","node_version":"14.16.0"} {"metadata":{"emulator":{"name":"functions"},"function":{"name":"api"},"message":"[runtime-status] [1691] Functions runtime initialized. {\"cwd\":\"/Users/kristenwoodward/Desktop/React/ecommerce-app/functions\",\"node_version\":\"14.16.0\"}"}}
[debug] [2021-05-13T17:25:00.870Z] [runtime-status] [1691] Disabled runtime features: undefined {"metadata":{"emulator":{"name":"functions"},"function":{"name":"api"},"message":"[runtime-status] [1691] Disabled runtime features: undefined"}}
[debug] [2021-05-13T17:25:00.877Z] [runtime-status] [1691] Resolved module firebase-admin {"declared":true,"installed":true,"version":"9.8.0","resolution":"/Users/kristenwoodward/Desktop/React/ecommerce-app/functions/node_modules/firebase-admin/lib/index.js"} {"metadata":{"emulator":{"name":"functions"},"function":{"name":"api"},"message":"[runtime-status] [1691] Resolved module firebase-admin {\"declared\":true,\"installed\":true,\"version\":\"9.8.0\",\"resolution\":\"/Users/kristenwoodward/Desktop/React/ecommerce-app/functions/node_modules/firebase-admin/lib/index.js\"}"}}
[debug] [2021-05-13T17:25:00.880Z] [runtime-status] [1691] Resolved module firebase-functions {"declared":true,"installed":true,"version":"3.13.2","resolution":"/Users/kristenwoodward/Desktop/React/ecommerce-app/functions/node_modules/firebase-functions/lib/index.js"} {"metadata":{"emulator":{"name":"functions"},"function":{"name":"api"},"message":"[runtime-status] [1691] Resolved module firebase-functions {\"declared\":true,\"installed\":true,\"version\":\"3.13.2\",\"resolution\":\"/Users/kristenwoodward/Desktop/React/ecommerce-app/functions/node_modules/firebase-functions/lib/index.js\"}"}}
[debug] [2021-05-13T17:25:00.888Z] [runtime-status] [1691] Resolved module firebase-functions {"declared":true,"installed":true,"version":"3.13.2","resolution":"/Users/kristenwoodward/Desktop/React/ecommerce-app/functions/node_modules/firebase-functions/lib/index.js"} {"metadata":{"emulator":{"name":"functions"},"function":{"name":"api"},"message":"[runtime-status] [1691] Resolved module firebase-functions {\"declared\":true,\"installed\":true,\"version\":\"3.13.2\",\"resolution\":\"/Users/kristenwoodward/Desktop/React/ecommerce-app/functions/node_modules/firebase-functions/lib/index.js\"}"}}
[debug] [2021-05-13T17:25:00.892Z] [runtime-status] [1691] Outgoing network have been stubbed. [{"name":"http","status":"mocked"},{"name":"http","status":"mocked"},{"name":"https","status":"mocked"},{"name":"https","status":"mocked"},{"name":"net","status":"mocked"}] {"metadata":{"emulator":{"name":"functions"},"function":{"name":"api"},"message":"[runtime-status] [1691] Outgoing network have been stubbed. [{\"name\":\"http\",\"status\":\"mocked\"},{\"name\":\"http\",\"status\":\"mocked\"},{\"name\":\"https\",\"status\":\"mocked\"},{\"name\":\"https\",\"status\":\"mocked\"},{\"name\":\"net\",\"status\":\"mocked\"}]"}}
[debug] [2021-05-13T17:25:00.893Z] [runtime-status] [1691] Resolved module firebase-functions {"declared":true,"installed":true,"version":"3.13.2","resolution":"/Users/kristenwoodward/Desktop/React/ecommerce-app/functions/node_modules/firebase-functions/lib/index.js"} {"metadata":{"emulator":{"name":"functions"},"function":{"name":"api"},"message":"[runtime-status] [1691] Resolved module firebase-functions {\"declared\":true,\"installed\":true,\"version\":\"3.13.2\",\"resolution\":\"/Users/kristenwoodward/Desktop/React/ecommerce-app/functions/node_modules/firebase-functions/lib/index.js\"}"}}
[debug] [2021-05-13T17:25:01.037Z] [runtime-status] [1691] Checked functions.config() {"config":{}} {"metadata":{"emulator":{"name":"functions"},"function":{"name":"api"},"message":"[runtime-status] [1691] Checked functions.config() {\"config\":{}}"}}
[debug] [2021-05-13T17:25:01.040Z] [runtime-status] [1691] firebase-functions has been stubbed. {"functionsResolution":{"declared":true,"installed":true,"version":"3.13.2","resolution":"/Users/kristenwoodward/Desktop/React/ecommerce-app/functions/node_modules/firebase-functions/lib/index.js"}} {"metadata":{"emulator":{"name":"functions"},"function":{"name":"api"},"message":"[runtime-status] [1691] firebase-functions has been stubbed. {\"functionsResolution\":{\"declared\":true,\"installed\":true,\"version\":\"3.13.2\",\"resolution\":\"/Users/kristenwoodward/Desktop/React/ecommerce-app/functions/node_modules/firebase-functions/lib/index.js\"}}"}}
[debug] [2021-05-13T17:25:01.041Z] [runtime-status] [1691] Resolved module firebase-functions {"declared":true,"installed":true,"version":"3.13.2","resolution":"/Users/kristenwoodward/Desktop/React/ecommerce-app/functions/node_modules/firebase-functions/lib/index.js"} {"metadata":{"emulator":{"name":"functions"},"function":{"name":"api"},"message":"[runtime-status] [1691] Resolved module firebase-functions {\"declared\":true,\"installed\":true,\"version\":\"3.13.2\",\"resolution\":\"/Users/kristenwoodward/Desktop/React/ecommerce-app/functions/node_modules/firebase-functions/lib/index.js\"}"}}
[debug] [2021-05-13T17:25:01.042Z] [runtime-status] [1691] Resolved module firebase-admin {"declared":true,"installed":true,"version":"9.8.0","resolution":"/Users/kristenwoodward/Desktop/React/ecommerce-app/functions/node_modules/firebase-admin/lib/index.js"} {"metadata":{"emulator":{"name":"functions"},"function":{"name":"api"},"message":"[runtime-status] [1691] Resolved module firebase-admin {\"declared\":true,\"installed\":true,\"version\":\"9.8.0\",\"resolution\":\"/Users/kristenwoodward/Desktop/React/ecommerce-app/functions/node_modules/firebase-admin/lib/index.js\"}"}}
[debug] [2021-05-13T17:25:01.043Z] [runtime-status] [1691] Resolved module firebase-functions {"declared":true,"installed":true,"version":"3.13.2","resolution":"/Users/kristenwoodward/Desktop/React/ecommerce-app/functions/node_modules/firebase-functions/lib/index.js"} {"metadata":{"emulator":{"name":"functions"},"function":{"name":"api"},"message":"[runtime-status] [1691] Resolved module firebase-functions {\"declared\":true,\"installed\":true,\"version\":\"3.13.2\",\"resolution\":\"/Users/kristenwoodward/Desktop/React/ecommerce-app/functions/node_modules/firebase-functions/lib/index.js\"}"}}
[debug] [2021-05-13T17:25:01.043Z] [runtime-status] [1691] firebase-admin has been stubbed. {"adminResolution":{"declared":true,"installed":true,"version":"9.8.0","resolution":"/Users/kristenwoodward/Desktop/React/ecommerce-app/functions/node_modules/firebase-admin/lib/index.js"}} {"metadata":{"emulator":{"name":"functions"},"function":{"name":"api"},"message":"[runtime-status] [1691] firebase-admin has been stubbed. {\"adminResolution\":{\"declared\":true,\"installed\":true,\"version\":\"9.8.0\",\"resolution\":\"/Users/kristenwoodward/Desktop/React/ecommerce-app/functions/node_modules/firebase-admin/lib/index.js\"}}"}}
[debug] [2021-05-13T17:25:01.364Z] [runtime-status] [1691] Trigger "api" has been found, beginning invocation! {"metadata":{"emulator":{"name":"functions"},"function":{"name":"api"},"message":"[runtime-status] [1691] Trigger \"api\" has been found, beginning invocation!"}}
[info] i  functions: Beginning execution of "api" {"metadata":{"emulator":{"name":"functions"},"function":{"name":"api"},"message":"Beginning execution of \"api\""}}
[debug] [2021-05-13T17:25:01.368Z] [runtime-status] [1691] triggerDefinition {"httpsTrigger":{},"name":"api","entryPoint":"api"} {"metadata":{"emulator":{"name":"functions"},"function":{"name":"api"},"message":"[runtime-status] [1691] triggerDefinition {\"httpsTrigger\":{},\"name\":\"api\",\"entryPoint\":\"api\"}"}}
[debug] [2021-05-13T17:25:01.393Z] [runtime-status] [1691] Running api in mode HTTPS {"metadata":{"emulator":{"name":"functions"},"function":{"name":"api"},"message":"[runtime-status] [1691] Running api in mode HTTPS"}}
[debug] [2021-05-13T17:25:01.416Z] [runtime-status] [1691] Attempting to listen to socketPath: /var/folders/_3/msbfh7nx1xx45d1rnm_k5xcw0000gn/T/fire_emu_1691.sock {"metadata":{"emulator":{"name":"functions"},"function":{"name":"api"},"message":"[runtime-status] [1691] Attempting to listen to socketPath: /var/folders/_3/msbfh7nx1xx45d1rnm_k5xcw0000gn/T/fire_emu_1691.sock"}}
[debug] [2021-05-13T17:25:01.428Z] [functions] Runtime ready! Sending request! {"metadata":{"emulator":{"name":"functions"},"message":"[functions] Runtime ready! Sending request!"}}
[debug] [2021-05-13T17:25:01.429Z] [functions] Got req.url=/sangin-clone/us-central1/api/payments/create, mapping to path=/payments/create {"metadata":{"emulator":{"name":"functions"},"message":"[functions] Got req.url=/sangin-clone/us-central1/api/payments/create, mapping to path=/payments/create"}}
[debug] [2021-05-13T17:25:01.505Z] [runtime-status] [1691] Ephemeral server handling POST request {"metadata":{"emulator":{"name":"functions"},"function":{"name":"api"},"message":"[runtime-status] [1691] Ephemeral server handling POST request"}}
[debug] [2021-05-13T17:25:01.528Z] [runtime-status] [1691] Ephemeral server survived. {"metadata":{"emulator":{"name":"functions"},"function":{"name":"api"},"message":"[runtime-status] [1691] Ephemeral server survived."}}
[info] i  functions: Finished "api" in ~1s {"metadata":{"emulator":{"name":"functions"},"function":{"name":"api"},"message":"Finished \"api\" in ~1s"}}
[debug] [2021-05-13T17:25:01.932Z] [worker-api-4e97d13c-b49d-4cdd-ab21-28ae4aa7266e]: IDLE {"metadata":{"emulator":{"name":"functions"},"message":"[worker-api-4e97d13c-b49d-4cdd-ab21-28ae4aa7266e]: IDLE"}}
[debug] [2021-05-13T17:25:01.932Z] [work-queue] {"queueLength":0,"workRunningCount":0}
[debug] [2021-05-13T17:25:52.008Z] File /Users/kristenwoodward/Desktop/React/ecommerce-app/functions/index.js changed, reloading triggers {"metadata":{"emulator":{"name":"functions"},"message":"File /Users/kristenwoodward/Desktop/React/ecommerce-app/functions/index.js changed, reloading triggers"}}
[debug] [2021-05-13T17:25:52.109Z] File /Users/kristenwoodward/Desktop/React/ecommerce-app/functions/index.js changed, reloading triggers {"metadata":{"emulator":{"name":"functions"},"message":"File /Users/kristenwoodward/Desktop/React/ecommerce-app/functions/index.js changed, reloading triggers"}}
[debug] [2021-05-13T17:25:53.112Z] [worker-pool] Shutting down IDLE worker (~diagnostic~) {"metadata":{"emulator":{"name":"functions"},"message":"[worker-pool] Shutting down IDLE worker (~diagnostic~)"}}
[debug] [2021-05-13T17:25:53.113Z] [worker-~diagnostic~-d67a5398-bb0d-4d6f-a895-f2e3d6a12abc]: FINISHING {"metadata":{"emulator":{"name":"functions"},"message":"[worker-~diagnostic~-d67a5398-bb0d-4d6f-a895-f2e3d6a12abc]: FINISHING"}}
[debug] [2021-05-13T17:25:53.113Z] [worker-pool] Shutting down IDLE worker (api) {"metadata":{"emulator":{"name":"functions"},"message":"[worker-pool] Shutting down IDLE worker (api)"}}
[debug] [2021-05-13T17:25:53.113Z] [worker-api-340a92ab-725d-4035-9b1a-32f0b26db163]: FINISHING {"metadata":{"emulator":{"name":"functions"},"message":"[worker-api-340a92ab-725d-4035-9b1a-32f0b26db163]: FINISHING"}}
[debug] [2021-05-13T17:25:53.113Z] [worker-pool] Shutting down IDLE worker (api) {"metadata":{"emulator":{"name":"functions"},"message":"[worker-pool] Shutting down IDLE worker (api)"}}
[debug] [2021-05-13T17:25:53.113Z] [worker-api-4e97d13c-b49d-4cdd-ab21-28ae4aa7266e]: FINISHING {"metadata":{"emulator":{"name":"functions"},"message":"[worker-api-4e97d13c-b49d-4cdd-ab21-28ae4aa7266e]: FINISHING"}}
[debug] [2021-05-13T17:25:53.138Z] [worker-pool] addWorker(~diagnostic~) {"metadata":{"emulator":{"name":"functions"},"message":"[worker-pool] addWorker(~diagnostic~)"}}
[debug] [2021-05-13T17:25:53.139Z] [worker-pool] Adding worker with key ~diagnostic~, total=2 {"metadata":{"emulator":{"name":"functions"},"message":"[worker-pool] Adding worker with key ~diagnostic~, total=2"}}
[debug] [2021-05-13T17:25:53.139Z] [worker-pool] submitWork(triggerId=) {"metadata":{"emulator":{"name":"functions"},"message":"[worker-pool] submitWork(triggerId=)"}}
[debug] [2021-05-13T17:25:53.139Z] [worker-~diagnostic~-4196909d-1f5b-4e21-995e-0b2c50b40e17]: Assigning socketPath: /var/folders/_3/msbfh7nx1xx45d1rnm_k5xcw0000gn/T/fire_emu_1712.sock {"metadata":{"emulator":{"name":"functions"},"message":"[worker-~diagnostic~-4196909d-1f5b-4e21-995e-0b2c50b40e17]: Assigning socketPath: /var/folders/_3/msbfh7nx1xx45d1rnm_k5xcw0000gn/T/fire_emu_1712.sock"}}
[debug] [2021-05-13T17:25:53.140Z] [worker-~diagnostic~-4196909d-1f5b-4e21-995e-0b2c50b40e17]: BUSY {"metadata":{"emulator":{"name":"functions"},"message":"[worker-~diagnostic~-4196909d-1f5b-4e21-995e-0b2c50b40e17]: BUSY"}}
[debug] [2021-05-13T17:25:53.146Z] [worker-~diagnostic~-d67a5398-bb0d-4d6f-a895-f2e3d6a12abc]: exited {"metadata":{"emulator":{"name":"functions"},"message":"[worker-~diagnostic~-d67a5398-bb0d-4d6f-a895-f2e3d6a12abc]: exited"}}
[debug] [2021-05-13T17:25:53.146Z] [worker-~diagnostic~-d67a5398-bb0d-4d6f-a895-f2e3d6a12abc]: FINISHED {"metadata":{"emulator":{"name":"functions"},"message":"[worker-~diagnostic~-d67a5398-bb0d-4d6f-a895-f2e3d6a12abc]: FINISHED"}}
[debug] [2021-05-13T17:25:53.147Z] [worker-api-340a92ab-725d-4035-9b1a-32f0b26db163]: exited {"metadata":{"emulator":{"name":"functions"},"message":"[worker-api-340a92ab-725d-4035-9b1a-32f0b26db163]: exited"}}
[debug] [2021-05-13T17:25:53.147Z] [worker-api-340a92ab-725d-4035-9b1a-32f0b26db163]: FINISHED {"metadata":{"emulator":{"name":"functions"},"message":"[worker-api-340a92ab-725d-4035-9b1a-32f0b26db163]: FINISHED"}}
[debug] [2021-05-13T17:25:53.147Z] [worker-api-4e97d13c-b49d-4cdd-ab21-28ae4aa7266e]: exited {"metadata":{"emulator":{"name":"functions"},"message":"[worker-api-4e97d13c-b49d-4cdd-ab21-28ae4aa7266e]: exited"}}
[debug] [2021-05-13T17:25:53.148Z] [worker-api-4e97d13c-b49d-4cdd-ab21-28ae4aa7266e]: FINISHED {"metadata":{"emulator":{"name":"functions"},"message":"[worker-api-4e97d13c-b49d-4cdd-ab21-28ae4aa7266e]: FINISHED"}}
[debug] [2021-05-13T17:25:53.896Z] [runtime-status] [1712] Functions runtime initialized. {"cwd":"/Users/kristenwoodward/Desktop/React/ecommerce-app/functions","node_version":"14.16.0"} {"metadata":{"emulator":{"name":"functions"},"message":"[runtime-status] [1712] Functions runtime initialized. {\"cwd\":\"/Users/kristenwoodward/Desktop/React/ecommerce-app/functions\",\"node_version\":\"14.16.0\"}"}}
[debug] [2021-05-13T17:25:53.899Z] [runtime-status] [1712] Disabled runtime features: undefined {"metadata":{"emulator":{"name":"functions"},"message":"[runtime-status] [1712] Disabled runtime features: undefined"}}
[debug] [2021-05-13T17:25:53.903Z] [runtime-status] [1712] Resolved module firebase-admin {"declared":true,"installed":true,"version":"9.8.0","resolution":"/Users/kristenwoodward/Desktop/React/ecommerce-app/functions/node_modules/firebase-admin/lib/index.js"} {"metadata":{"emulator":{"name":"functions"},"message":"[runtime-status] [1712] Resolved module firebase-admin {\"declared\":true,\"installed\":true,\"version\":\"9.8.0\",\"resolution\":\"/Users/kristenwoodward/Desktop/React/ecommerce-app/functions/node_modules/firebase-admin/lib/index.js\"}"}}
[debug] [2021-05-13T17:25:53.913Z] [runtime-status] [1712] Resolved module firebase-functions {"declared":true,"installed":true,"version":"3.13.2","resolution":"/Users/kristenwoodward/Desktop/React/ecommerce-app/functions/node_modules/firebase-functions/lib/index.js"} {"metadata":{"emulator":{"name":"functions"},"message":"[runtime-status] [1712] Resolved module firebase-functions {\"declared\":true,\"installed\":true,\"version\":\"3.13.2\",\"resolution\":\"/Users/kristenwoodward/Desktop/React/ecommerce-app/functions/node_modules/firebase-functions/lib/index.js\"}"}}
[debug] [2021-05-13T17:25:53.919Z] [runtime-status] [1712] Resolved module firebase-functions {"declared":true,"installed":true,"version":"3.13.2","resolution":"/Users/kristenwoodward/Desktop/React/ecommerce-app/functions/node_modules/firebase-functions/lib/index.js"} {"metadata":{"emulator":{"name":"functions"},"message":"[runtime-status] [1712] Resolved module firebase-functions {\"declared\":true,\"installed\":true,\"version\":\"3.13.2\",\"resolution\":\"/Users/kristenwoodward/Desktop/React/ecommerce-app/functions/node_modules/firebase-functions/lib/index.js\"}"}}
[debug] [2021-05-13T17:25:53.931Z] [runtime-status] [1712] Outgoing network have been stubbed. [{"name":"http","status":"mocked"},{"name":"http","status":"mocked"},{"name":"https","status":"mocked"},{"name":"https","status":"mocked"},{"name":"net","status":"mocked"}] {"metadata":{"emulator":{"name":"functions"},"message":"[runtime-status] [1712] Outgoing network have been stubbed. [{\"name\":\"http\",\"status\":\"mocked\"},{\"name\":\"http\",\"status\":\"mocked\"},{\"name\":\"https\",\"status\":\"mocked\"},{\"name\":\"https\",\"status\":\"mocked\"},{\"name\":\"net\",\"status\":\"mocked\"}]"}}
[debug] [2021-05-13T17:25:53.933Z] [runtime-status] [1712] Resolved module firebase-functions {"declared":true,"installed":true,"version":"3.13.2","resolution":"/Users/kristenwoodward/Desktop/React/ecommerce-app/functions/node_modules/firebase-functions/lib/index.js"} {"metadata":{"emulator":{"name":"functions"},"message":"[runtime-status] [1712] Resolved module firebase-functions {\"declared\":true,\"installed\":true,\"version\":\"3.13.2\",\"resolution\":\"/Users/kristenwoodward/Desktop/React/ecommerce-app/functions/node_modules/firebase-functions/lib/index.js\"}"}}
[debug] [2021-05-13T17:25:54.075Z] [runtime-status] [1712] Checked functions.config() {"config":{}} {"metadata":{"emulator":{"name":"functions"},"message":"[runtime-status] [1712] Checked functions.config() {\"config\":{}}"}}
[debug] [2021-05-13T17:25:54.076Z] [runtime-status] [1712] firebase-functions has been stubbed. {"functionsResolution":{"declared":true,"installed":true,"version":"3.13.2","resolution":"/Users/kristenwoodward/Desktop/React/ecommerce-app/functions/node_modules/firebase-functions/lib/index.js"}} {"metadata":{"emulator":{"name":"functions"},"message":"[runtime-status] [1712] firebase-functions has been stubbed. {\"functionsResolution\":{\"declared\":true,\"installed\":true,\"version\":\"3.13.2\",\"resolution\":\"/Users/kristenwoodward/Desktop/React/ecommerce-app/functions/node_modules/firebase-functions/lib/index.js\"}}"}}
[debug] [2021-05-13T17:25:54.076Z] [runtime-status] [1712] Resolved module firebase-functions {"declared":true,"installed":true,"version":"3.13.2","resolution":"/Users/kristenwoodward/Desktop/React/ecommerce-app/functions/node_modules/firebase-functions/lib/index.js"} {"metadata":{"emulator":{"name":"functions"},"message":"[runtime-status] [1712] Resolved module firebase-functions {\"declared\":true,\"installed\":true,\"version\":\"3.13.2\",\"resolution\":\"/Users/kristenwoodward/Desktop/React/ecommerce-app/functions/node_modules/firebase-functions/lib/index.js\"}"}}
[debug] [2021-05-13T17:25:54.080Z] [runtime-status] [1712] Resolved module firebase-admin {"declared":true,"installed":true,"version":"9.8.0","resolution":"/Users/kristenwoodward/Desktop/React/ecommerce-app/functions/node_modules/firebase-admin/lib/index.js"} {"metadata":{"emulator":{"name":"functions"},"message":"[runtime-status] [1712] Resolved module firebase-admin {\"declared\":true,\"installed\":true,\"version\":\"9.8.0\",\"resolution\":\"/Users/kristenwoodward/Desktop/React/ecommerce-app/functions/node_modules/firebase-admin/lib/index.js\"}"}}
[debug] [2021-05-13T17:25:54.081Z] [runtime-status] [1712] Resolved module firebase-functions {"declared":true,"installed":true,"version":"3.13.2","resolution":"/Users/kristenwoodward/Desktop/React/ecommerce-app/functions/node_modules/firebase-functions/lib/index.js"} {"metadata":{"emulator":{"name":"functions"},"message":"[runtime-status] [1712] Resolved module firebase-functions {\"declared\":true,\"installed\":true,\"version\":\"3.13.2\",\"resolution\":\"/Users/kristenwoodward/Desktop/React/ecommerce-app/functions/node_modules/firebase-functions/lib/index.js\"}"}}
[debug] [2021-05-13T17:25:54.082Z] [runtime-status] [1712] firebase-admin has been stubbed. {"adminResolution":{"declared":true,"installed":true,"version":"9.8.0","resolution":"/Users/kristenwoodward/Desktop/React/ecommerce-app/functions/node_modules/firebase-admin/lib/index.js"}} {"metadata":{"emulator":{"name":"functions"},"message":"[runtime-status] [1712] firebase-admin has been stubbed. {\"adminResolution\":{\"declared\":true,\"installed\":true,\"version\":\"9.8.0\",\"resolution\":\"/Users/kristenwoodward/Desktop/React/ecommerce-app/functions/node_modules/firebase-admin/lib/index.js\"}}"}}
[debug] [2021-05-13T17:25:54.614Z] [worker-~diagnostic~-4196909d-1f5b-4e21-995e-0b2c50b40e17]: IDLE {"metadata":{"emulator":{"name":"functions"},"message":"[worker-~diagnostic~-4196909d-1f5b-4e21-995e-0b2c50b40e17]: IDLE"}}
[debug] [2021-05-13T17:26:28.837Z] [work-queue] {"queueLength":1,"workRunningCount":0}
[debug] [2021-05-13T17:26:28.837Z] [work-queue] {"queueLength":0,"workRunningCount":1}
[debug] [2021-05-13T17:26:28.837Z] Accepted request OPTIONS /sangin-clone/us-central1/api/payments/create --> api
[debug] [2021-05-13T17:26:28.837Z] [worker-pool] Cleaned up workers for ~diagnostic~: 2 --> 1 {"metadata":{"emulator":{"name":"functions"},"message":"[worker-pool] Cleaned up workers for ~diagnostic~: 2 --> 1"}}
[debug] [2021-05-13T17:26:28.838Z] [worker-pool] Cleaned up workers for api: 2 --> 0 {"metadata":{"emulator":{"name":"functions"},"message":"[worker-pool] Cleaned up workers for api: 2 --> 0"}}
[debug] [2021-05-13T17:26:28.858Z] [worker-pool] addWorker(api) {"metadata":{"emulator":{"name":"functions"},"message":"[worker-pool] addWorker(api)"}}
[debug] [2021-05-13T17:26:28.859Z] [worker-pool] Adding worker with key api, total=1 {"metadata":{"emulator":{"name":"functions"},"message":"[worker-pool] Adding worker with key api, total=1"}}
[debug] [2021-05-13T17:26:28.859Z] [worker-pool] submitWork(triggerId=api) {"metadata":{"emulator":{"name":"functions"},"message":"[worker-pool] submitWork(triggerId=api)"}}
[debug] [2021-05-13T17:26:28.859Z] [worker-api-cb128022-ff24-4e76-b00a-9c19b7d1b849]: Assigning socketPath: /var/folders/_3/msbfh7nx1xx45d1rnm_k5xcw0000gn/T/fire_emu_1724.sock {"metadata":{"emulator":{"name":"functions"},"message":"[worker-api-cb128022-ff24-4e76-b00a-9c19b7d1b849]: Assigning socketPath: /var/folders/_3/msbfh7nx1xx45d1rnm_k5xcw0000gn/T/fire_emu_1724.sock"}}
[debug] [2021-05-13T17:26:28.859Z] [worker-api-cb128022-ff24-4e76-b00a-9c19b7d1b849]: BUSY {"metadata":{"emulator":{"name":"functions"},"message":"[worker-api-cb128022-ff24-4e76-b00a-9c19b7d1b849]: BUSY"}}
[debug] [2021-05-13T17:26:29.388Z] [runtime-status] [1724] Functions runtime initialized. {"cwd":"/Users/kristenwoodward/Desktop/React/ecommerce-app/functions","node_version":"14.16.0"} {"metadata":{"emulator":{"name":"functions"},"function":{"name":"api"},"message":"[runtime-status] [1724] Functions runtime initialized. {\"cwd\":\"/Users/kristenwoodward/Desktop/React/ecommerce-app/functions\",\"node_version\":\"14.16.0\"}"}}
[debug] [2021-05-13T17:26:29.390Z] [runtime-status] [1724] Disabled runtime features: undefined {"metadata":{"emulator":{"name":"functions"},"function":{"name":"api"},"message":"[runtime-status] [1724] Disabled runtime features: undefined"}}
[debug] [2021-05-13T17:26:29.396Z] [runtime-status] [1724] Resolved module firebase-admin {"declared":true,"installed":true,"version":"9.8.0","resolution":"/Users/kristenwoodward/Desktop/React/ecommerce-app/functions/node_modules/firebase-admin/lib/index.js"} {"metadata":{"emulator":{"name":"functions"},"function":{"name":"api"},"message":"[runtime-status] [1724] Resolved module firebase-admin {\"declared\":true,\"installed\":true,\"version\":\"9.8.0\",\"resolution\":\"/Users/kristenwoodward/Desktop/React/ecommerce-app/functions/node_modules/firebase-admin/lib/index.js\"}"}}
[debug] [2021-05-13T17:26:29.399Z] [runtime-status] [1724] Resolved module firebase-functions {"declared":true,"installed":true,"version":"3.13.2","resolution":"/Users/kristenwoodward/Desktop/React/ecommerce-app/functions/node_modules/firebase-functions/lib/index.js"} {"metadata":{"emulator":{"name":"functions"},"function":{"name":"api"},"message":"[runtime-status] [1724] Resolved module firebase-functions {\"declared\":true,\"installed\":true,\"version\":\"3.13.2\",\"resolution\":\"/Users/kristenwoodward/Desktop/React/ecommerce-app/functions/node_modules/firebase-functions/lib/index.js\"}"}}
[debug] [2021-05-13T17:26:29.404Z] [runtime-status] [1724] Resolved module firebase-functions {"declared":true,"installed":true,"version":"3.13.2","resolution":"/Users/kristenwoodward/Desktop/React/ecommerce-app/functions/node_modules/firebase-functions/lib/index.js"} {"metadata":{"emulator":{"name":"functions"},"function":{"name":"api"},"message":"[runtime-status] [1724] Resolved module firebase-functions {\"declared\":true,\"installed\":true,\"version\":\"3.13.2\",\"resolution\":\"/Users/kristenwoodward/Desktop/React/ecommerce-app/functions/node_modules/firebase-functions/lib/index.js\"}"}}
[debug] [2021-05-13T17:26:29.415Z] [runtime-status] [1724] Outgoing network have been stubbed. [{"name":"http","status":"mocked"},{"name":"http","status":"mocked"},{"name":"https","status":"mocked"},{"name":"https","status":"mocked"},{"name":"net","status":"mocked"}] {"metadata":{"emulator":{"name":"functions"},"function":{"name":"api"},"message":"[runtime-status] [1724] Outgoing network have been stubbed. [{\"name\":\"http\",\"status\":\"mocked\"},{\"name\":\"http\",\"status\":\"mocked\"},{\"name\":\"https\",\"status\":\"mocked\"},{\"name\":\"https\",\"status\":\"mocked\"},{\"name\":\"net\",\"status\":\"mocked\"}]"}}
[debug] [2021-05-13T17:26:29.416Z] [runtime-status] [1724] Resolved module firebase-functions {"declared":true,"installed":true,"version":"3.13.2","resolution":"/Users/kristenwoodward/Desktop/React/ecommerce-app/functions/node_modules/firebase-functions/lib/index.js"} {"metadata":{"emulator":{"name":"functions"},"function":{"name":"api"},"message":"[runtime-status] [1724] Resolved module firebase-functions {\"declared\":true,\"installed\":true,\"version\":\"3.13.2\",\"resolution\":\"/Users/kristenwoodward/Desktop/React/ecommerce-app/functions/node_modules/firebase-functions/lib/index.js\"}"}}
[debug] [2021-05-13T17:26:29.565Z] [runtime-status] [1724] Checked functions.config() {"config":{}} {"metadata":{"emulator":{"name":"functions"},"function":{"name":"api"},"message":"[runtime-status] [1724] Checked functions.config() {\"config\":{}}"}}
[debug] [2021-05-13T17:26:29.566Z] [runtime-status] [1724] firebase-functions has been stubbed. {"functionsResolution":{"declared":true,"installed":true,"version":"3.13.2","resolution":"/Users/kristenwoodward/Desktop/React/ecommerce-app/functions/node_modules/firebase-functions/lib/index.js"}} {"metadata":{"emulator":{"name":"functions"},"function":{"name":"api"},"message":"[runtime-status] [1724] firebase-functions has been stubbed. {\"functionsResolution\":{\"declared\":true,\"installed\":true,\"version\":\"3.13.2\",\"resolution\":\"/Users/kristenwoodward/Desktop/React/ecommerce-app/functions/node_modules/firebase-functions/lib/index.js\"}}"}}
[debug] [2021-05-13T17:26:29.567Z] [runtime-status] [1724] Resolved module firebase-functions {"declared":true,"installed":true,"version":"3.13.2","resolution":"/Users/kristenwoodward/Desktop/React/ecommerce-app/functions/node_modules/firebase-functions/lib/index.js"} {"metadata":{"emulator":{"name":"functions"},"function":{"name":"api"},"message":"[runtime-status] [1724] Resolved module firebase-functions {\"declared\":true,\"installed\":true,\"version\":\"3.13.2\",\"resolution\":\"/Users/kristenwoodward/Desktop/React/ecommerce-app/functions/node_modules/firebase-functions/lib/index.js\"}"}}
[debug] [2021-05-13T17:26:29.568Z] [runtime-status] [1724] Resolved module firebase-admin {"declared":true,"installed":true,"version":"9.8.0","resolution":"/Users/kristenwoodward/Desktop/React/ecommerce-app/functions/node_modules/firebase-admin/lib/index.js"} {"metadata":{"emulator":{"name":"functions"},"function":{"name":"api"},"message":"[runtime-status] [1724] Resolved module firebase-admin {\"declared\":true,\"installed\":true,\"version\":\"9.8.0\",\"resolution\":\"/Users/kristenwoodward/Desktop/React/ecommerce-app/functions/node_modules/firebase-admin/lib/index.js\"}"}}
[debug] [2021-05-13T17:26:29.569Z] [runtime-status] [1724] Resolved module firebase-functions {"declared":true,"installed":true,"version":"3.13.2","resolution":"/Users/kristenwoodward/Desktop/React/ecommerce-app/functions/node_modules/firebase-functions/lib/index.js"} {"metadata":{"emulator":{"name":"functions"},"function":{"name":"api"},"message":"[runtime-status] [1724] Resolved module firebase-functions {\"declared\":true,\"installed\":true,\"version\":\"3.13.2\",\"resolution\":\"/Users/kristenwoodward/Desktop/React/ecommerce-app/functions/node_modules/firebase-functions/lib/index.js\"}"}}
[debug] [2021-05-13T17:26:29.569Z] [runtime-status] [1724] firebase-admin has been stubbed. {"adminResolution":{"declared":true,"installed":true,"version":"9.8.0","resolution":"/Users/kristenwoodward/Desktop/React/ecommerce-app/functions/node_modules/firebase-admin/lib/index.js"}} {"metadata":{"emulator":{"name":"functions"},"function":{"name":"api"},"message":"[runtime-status] [1724] firebase-admin has been stubbed. {\"adminResolution\":{\"declared\":true,\"installed\":true,\"version\":\"9.8.0\",\"resolution\":\"/Users/kristenwoodward/Desktop/React/ecommerce-app/functions/node_modules/firebase-admin/lib/index.js\"}}"}}
[debug] [2021-05-13T17:26:29.995Z] [runtime-status] [1724] Trigger "api" has been found, beginning invocation! {"metadata":{"emulator":{"name":"functions"},"function":{"name":"api"},"message":"[runtime-status] [1724] Trigger \"api\" has been found, beginning invocation!"}}
[info] i  functions: Beginning execution of "api" {"metadata":{"emulator":{"name":"functions"},"function":{"name":"api"},"message":"Beginning execution of \"api\""}}
[debug] [2021-05-13T17:26:29.996Z] [runtime-status] [1724] triggerDefinition {"httpsTrigger":{},"name":"api","entryPoint":"api"} {"metadata":{"emulator":{"name":"functions"},"function":{"name":"api"},"message":"[runtime-status] [1724] triggerDefinition {\"httpsTrigger\":{},\"name\":\"api\",\"entryPoint\":\"api\"}"}}
[debug] [2021-05-13T17:26:29.996Z] [runtime-status] [1724] Running api in mode HTTPS {"metadata":{"emulator":{"name":"functions"},"function":{"name":"api"},"message":"[runtime-status] [1724] Running api in mode HTTPS"}}
[debug] [2021-05-13T17:26:30.007Z] [runtime-status] [1724] Attempting to listen to socketPath: /var/folders/_3/msbfh7nx1xx45d1rnm_k5xcw0000gn/T/fire_emu_1724.sock {"metadata":{"emulator":{"name":"functions"},"function":{"name":"api"},"message":"[runtime-status] [1724] Attempting to listen to socketPath: /var/folders/_3/msbfh7nx1xx45d1rnm_k5xcw0000gn/T/fire_emu_1724.sock"}}
[debug] [2021-05-13T17:26:30.016Z] [functions] Runtime ready! Sending request! {"metadata":{"emulator":{"name":"functions"},"message":"[functions] Runtime ready! Sending request!"}}
[debug] [2021-05-13T17:26:30.017Z] [functions] Got req.url=/sangin-clone/us-central1/api/payments/create, mapping to path=/payments/create {"metadata":{"emulator":{"name":"functions"},"message":"[functions] Got req.url=/sangin-clone/us-central1/api/payments/create, mapping to path=/payments/create"}}
[debug] [2021-05-13T17:26:30.042Z] [runtime-status] [1724] Ephemeral server handling OPTIONS request {"metadata":{"emulator":{"name":"functions"},"function":{"name":"api"},"message":"[runtime-status] [1724] Ephemeral server handling OPTIONS request"}}
[debug] [2021-05-13T17:26:30.078Z] [work-queue] {"queueLength":1,"workRunningCount":1}
[debug] [2021-05-13T17:26:30.078Z] [work-queue] {"queueLength":0,"workRunningCount":2}
[debug] [2021-05-13T17:26:30.078Z] Accepted request POST /sangin-clone/us-central1/api/payments/create --> api
[debug] [2021-05-13T17:26:30.088Z] [worker-pool] addWorker(api) {"metadata":{"emulator":{"name":"functions"},"message":"[worker-pool] addWorker(api)"}}
[debug] [2021-05-13T17:26:30.088Z] [worker-pool] Adding worker with key api, total=2 {"metadata":{"emulator":{"name":"functions"},"message":"[worker-pool] Adding worker with key api, total=2"}}
[debug] [2021-05-13T17:26:30.088Z] [worker-pool] submitWork(triggerId=api) {"metadata":{"emulator":{"name":"functions"},"message":"[worker-pool] submitWork(triggerId=api)"}}
[debug] [2021-05-13T17:26:30.089Z] [worker-api-5a460230-3685-4cd9-8928-0a2f19516faf]: Assigning socketPath: /var/folders/_3/msbfh7nx1xx45d1rnm_k5xcw0000gn/T/fire_emu_1725.sock {"metadata":{"emulator":{"name":"functions"},"message":"[worker-api-5a460230-3685-4cd9-8928-0a2f19516faf]: Assigning socketPath: /var/folders/_3/msbfh7nx1xx45d1rnm_k5xcw0000gn/T/fire_emu_1725.sock"}}
[debug] [2021-05-13T17:26:30.089Z] [worker-api-5a460230-3685-4cd9-8928-0a2f19516faf]: BUSY {"metadata":{"emulator":{"name":"functions"},"message":"[worker-api-5a460230-3685-4cd9-8928-0a2f19516faf]: BUSY"}}
[debug] [2021-05-13T17:26:30.143Z] [runtime-status] [1724] Ephemeral server survived. {"metadata":{"emulator":{"name":"functions"},"function":{"name":"api"},"message":"[runtime-status] [1724] Ephemeral server survived."}}
[info] i  functions: Finished "api" in ~1s {"metadata":{"emulator":{"name":"functions"},"function":{"name":"api"},"message":"Finished \"api\" in ~1s"}}
[debug] [2021-05-13T17:26:30.171Z] [worker-api-cb128022-ff24-4e76-b00a-9c19b7d1b849]: IDLE {"metadata":{"emulator":{"name":"functions"},"message":"[worker-api-cb128022-ff24-4e76-b00a-9c19b7d1b849]: IDLE"}}
[debug] [2021-05-13T17:26:30.172Z] [work-queue] {"queueLength":0,"workRunningCount":1}
[debug] [2021-05-13T17:26:30.415Z] [runtime-status] [1725] Functions runtime initialized. {"cwd":"/Users/kristenwoodward/Desktop/React/ecommerce-app/functions","node_version":"14.16.0"} {"metadata":{"emulator":{"name":"functions"},"function":{"name":"api"},"message":"[runtime-status] [1725] Functions runtime initialized. {\"cwd\":\"/Users/kristenwoodward/Desktop/React/ecommerce-app/functions\",\"node_version\":\"14.16.0\"}"}}
[debug] [2021-05-13T17:26:30.417Z] [runtime-status] [1725] Disabled runtime features: undefined {"metadata":{"emulator":{"name":"functions"},"function":{"name":"api"},"message":"[runtime-status] [1725] Disabled runtime features: undefined"}}
[debug] [2021-05-13T17:26:30.422Z] [runtime-status] [1725] Resolved module firebase-admin {"declared":true,"installed":true,"version":"9.8.0","resolution":"/Users/kristenwoodward/Desktop/React/ecommerce-app/functions/node_modules/firebase-admin/lib/index.js"} {"metadata":{"emulator":{"name":"functions"},"function":{"name":"api"},"message":"[runtime-status] [1725] Resolved module firebase-admin {\"declared\":true,\"installed\":true,\"version\":\"9.8.0\",\"resolution\":\"/Users/kristenwoodward/Desktop/React/ecommerce-app/functions/node_modules/firebase-admin/lib/index.js\"}"}}
[debug] [2021-05-13T17:26:30.424Z] [runtime-status] [1725] Resolved module firebase-functions {"declared":true,"installed":true,"version":"3.13.2","resolution":"/Users/kristenwoodward/Desktop/React/ecommerce-app/functions/node_modules/firebase-functions/lib/index.js"} {"metadata":{"emulator":{"name":"functions"},"function":{"name":"api"},"message":"[runtime-status] [1725] Resolved module firebase-functions {\"declared\":true,\"installed\":true,\"version\":\"3.13.2\",\"resolution\":\"/Users/kristenwoodward/Desktop/React/ecommerce-app/functions/node_modules/firebase-functions/lib/index.js\"}"}}
[debug] [2021-05-13T17:26:30.429Z] [runtime-status] [1725] Resolved module firebase-functions {"declared":true,"installed":true,"version":"3.13.2","resolution":"/Users/kristenwoodward/Desktop/React/ecommerce-app/functions/node_modules/firebase-functions/lib/index.js"} {"metadata":{"emulator":{"name":"functions"},"function":{"name":"api"},"message":"[runtime-status] [1725] Resolved module firebase-functions {\"declared\":true,\"installed\":true,\"version\":\"3.13.2\",\"resolution\":\"/Users/kristenwoodward/Desktop/React/ecommerce-app/functions/node_modules/firebase-functions/lib/index.js\"}"}}
[debug] [2021-05-13T17:26:30.432Z] [runtime-status] [1725] Outgoing network have been stubbed. [{"name":"http","status":"mocked"},{"name":"http","status":"mocked"},{"name":"https","status":"mocked"},{"name":"https","status":"mocked"},{"name":"net","status":"mocked"}] {"metadata":{"emulator":{"name":"functions"},"function":{"name":"api"},"message":"[runtime-status] [1725] Outgoing network have been stubbed. [{\"name\":\"http\",\"status\":\"mocked\"},{\"name\":\"http\",\"status\":\"mocked\"},{\"name\":\"https\",\"status\":\"mocked\"},{\"name\":\"https\",\"status\":\"mocked\"},{\"name\":\"net\",\"status\":\"mocked\"}]"}}
[debug] [2021-05-13T17:26:30.439Z] [runtime-status] [1725] Resolved module firebase-functions {"declared":true,"installed":true,"version":"3.13.2","resolution":"/Users/kristenwoodward/Desktop/React/ecommerce-app/functions/node_modules/firebase-functions/lib/index.js"} {"metadata":{"emulator":{"name":"functions"},"function":{"name":"api"},"message":"[runtime-status] [1725] Resolved module firebase-functions {\"declared\":true,\"installed\":true,\"version\":\"3.13.2\",\"resolution\":\"/Users/kristenwoodward/Desktop/React/ecommerce-app/functions/node_modules/firebase-functions/lib/index.js\"}"}}
[debug] [2021-05-13T17:26:30.504Z] [runtime-status] [1725] Checked functions.config() {"config":{}} {"metadata":{"emulator":{"name":"functions"},"function":{"name":"api"},"message":"[runtime-status] [1725] Checked functions.config() {\"config\":{}}"}}
[debug] [2021-05-13T17:26:30.504Z] [runtime-status] [1725] firebase-functions has been stubbed. {"functionsResolution":{"declared":true,"installed":true,"version":"3.13.2","resolution":"/Users/kristenwoodward/Desktop/React/ecommerce-app/functions/node_modules/firebase-functions/lib/index.js"}} {"metadata":{"emulator":{"name":"functions"},"function":{"name":"api"},"message":"[runtime-status] [1725] firebase-functions has been stubbed. {\"functionsResolution\":{\"declared\":true,\"installed\":true,\"version\":\"3.13.2\",\"resolution\":\"/Users/kristenwoodward/Desktop/React/ecommerce-app/functions/node_modules/firebase-functions/lib/index.js\"}}"}}
[debug] [2021-05-13T17:26:30.506Z] [runtime-status] [1725] Resolved module firebase-functions {"declared":true,"installed":true,"version":"3.13.2","resolution":"/Users/kristenwoodward/Desktop/React/ecommerce-app/functions/node_modules/firebase-functions/lib/index.js"} {"metadata":{"emulator":{"name":"functions"},"function":{"name":"api"},"message":"[runtime-status] [1725] Resolved module firebase-functions {\"declared\":true,\"installed\":true,\"version\":\"3.13.2\",\"resolution\":\"/Users/kristenwoodward/Desktop/React/ecommerce-app/functions/node_modules/firebase-functions/lib/index.js\"}"}}
[debug] [2021-05-13T17:26:30.508Z] [runtime-status] [1725] Resolved module firebase-admin {"declared":true,"installed":true,"version":"9.8.0","resolution":"/Users/kristenwoodward/Desktop/React/ecommerce-app/functions/node_modules/firebase-admin/lib/index.js"} {"metadata":{"emulator":{"name":"functions"},"function":{"name":"api"},"message":"[runtime-status] [1725] Resolved module firebase-admin {\"declared\":true,\"installed\":true,\"version\":\"9.8.0\",\"resolution\":\"/Users/kristenwoodward/Desktop/React/ecommerce-app/functions/node_modules/firebase-admin/lib/index.js\"}"}}
[debug] [2021-05-13T17:26:30.508Z] [runtime-status] [1725] Resolved module firebase-functions {"declared":true,"installed":true,"version":"3.13.2","resolution":"/Users/kristenwoodward/Desktop/React/ecommerce-app/functions/node_modules/firebase-functions/lib/index.js"} {"metadata":{"emulator":{"name":"functions"},"function":{"name":"api"},"message":"[runtime-status] [1725] Resolved module firebase-functions {\"declared\":true,\"installed\":true,\"version\":\"3.13.2\",\"resolution\":\"/Users/kristenwoodward/Desktop/React/ecommerce-app/functions/node_modules/firebase-functions/lib/index.js\"}"}}
[debug] [2021-05-13T17:26:30.509Z] [runtime-status] [1725] firebase-admin has been stubbed. {"adminResolution":{"declared":true,"installed":true,"version":"9.8.0","resolution":"/Users/kristenwoodward/Desktop/React/ecommerce-app/functions/node_modules/firebase-admin/lib/index.js"}} {"metadata":{"emulator":{"name":"functions"},"function":{"name":"api"},"message":"[runtime-status] [1725] firebase-admin has been stubbed. {\"adminResolution\":{\"declared\":true,\"installed\":true,\"version\":\"9.8.0\",\"resolution\":\"/Users/kristenwoodward/Desktop/React/ecommerce-app/functions/node_modules/firebase-admin/lib/index.js\"}}"}}
[debug] [2021-05-13T17:26:30.703Z] [runtime-status] [1725] Trigger "api" has been found, beginning invocation! {"metadata":{"emulator":{"name":"functions"},"function":{"name":"api"},"message":"[runtime-status] [1725] Trigger \"api\" has been found, beginning invocation!"}}
[info] i  functions: Beginning execution of "api" {"metadata":{"emulator":{"name":"functions"},"function":{"name":"api"},"message":"Beginning execution of \"api\""}}
[debug] [2021-05-13T17:26:30.703Z] [runtime-status] [1725] triggerDefinition {"httpsTrigger":{},"name":"api","entryPoint":"api"} {"metadata":{"emulator":{"name":"functions"},"function":{"name":"api"},"message":"[runtime-status] [1725] triggerDefinition {\"httpsTrigger\":{},\"name\":\"api\",\"entryPoint\":\"api\"}"}}
[debug] [2021-05-13T17:26:30.704Z] [runtime-status] [1725] Running api in mode HTTPS {"metadata":{"emulator":{"name":"functions"},"function":{"name":"api"},"message":"[runtime-status] [1725] Running api in mode HTTPS"}}
[debug] [2021-05-13T17:26:30.716Z] [runtime-status] [1725] Attempting to listen to socketPath: /var/folders/_3/msbfh7nx1xx45d1rnm_k5xcw0000gn/T/fire_emu_1725.sock {"metadata":{"emulator":{"name":"functions"},"function":{"name":"api"},"message":"[runtime-status] [1725] Attempting to listen to socketPath: /var/folders/_3/msbfh7nx1xx45d1rnm_k5xcw0000gn/T/fire_emu_1725.sock"}}
[debug] [2021-05-13T17:26:30.721Z] [functions] Runtime ready! Sending request! {"metadata":{"emulator":{"name":"functions"},"message":"[functions] Runtime ready! Sending request!"}}
[debug] [2021-05-13T17:26:30.721Z] [functions] Got req.url=/sangin-clone/us-central1/api/payments/create, mapping to path=/payments/create {"metadata":{"emulator":{"name":"functions"},"message":"[functions] Got req.url=/sangin-clone/us-central1/api/payments/create, mapping to path=/payments/create"}}
[debug] [2021-05-13T17:26:30.801Z] [runtime-status] [1725] Ephemeral server handling POST request {"metadata":{"emulator":{"name":"functions"},"function":{"name":"api"},"message":"[runtime-status] [1725] Ephemeral server handling POST request"}}
[debug] [2021-05-13T17:26:30.816Z] [runtime-status] [1725] Ephemeral server survived. {"metadata":{"emulator":{"name":"functions"},"function":{"name":"api"},"message":"[runtime-status] [1725] Ephemeral server survived."}}
[info] i  functions: Finished "api" in ~1s {"metadata":{"emulator":{"name":"functions"},"function":{"name":"api"},"message":"Finished \"api\" in ~1s"}}
[debug] [2021-05-13T17:26:31.450Z] [worker-api-5a460230-3685-4cd9-8928-0a2f19516faf]: IDLE {"metadata":{"emulator":{"name":"functions"},"message":"[worker-api-5a460230-3685-4cd9-8928-0a2f19516faf]: IDLE"}}
[debug] [2021-05-13T17:26:31.450Z] [work-queue] {"queueLength":0,"workRunningCount":0}
[debug] [2021-05-13T17:26:42.322Z] [work-queue] {"queueLength":1,"workRunningCount":0}
[debug] [2021-05-13T17:26:42.322Z] [work-queue] {"queueLength":0,"workRunningCount":1}
[debug] [2021-05-13T17:26:42.322Z] Accepted request OPTIONS /sangin-clone/us-central1/api/payments/create --> api
[debug] [2021-05-13T17:26:42.322Z] [worker-pool] submitWork(triggerId=api) {"metadata":{"emulator":{"name":"functions"},"message":"[worker-pool] submitWork(triggerId=api)"}}
[debug] [2021-05-13T17:26:42.322Z] [worker-api-cb128022-ff24-4e76-b00a-9c19b7d1b849]: Assigning socketPath: /var/folders/_3/msbfh7nx1xx45d1rnm_k5xcw0000gn/T/fire_emu_1724.sock {"metadata":{"emulator":{"name":"functions"},"message":"[worker-api-cb128022-ff24-4e76-b00a-9c19b7d1b849]: Assigning socketPath: /var/folders/_3/msbfh7nx1xx45d1rnm_k5xcw0000gn/T/fire_emu_1724.sock"}}
[debug] [2021-05-13T17:26:42.323Z] [worker-api-cb128022-ff24-4e76-b00a-9c19b7d1b849]: BUSY {"metadata":{"emulator":{"name":"functions"},"message":"[worker-api-cb128022-ff24-4e76-b00a-9c19b7d1b849]: BUSY"}}
[debug] [2021-05-13T17:26:42.329Z] [runtime-status] [1724] Trigger "api" has been found, beginning invocation! {"metadata":{"emulator":{"name":"functions"},"function":{"name":"api"},"message":"[runtime-status] [1724] Trigger \"api\" has been found, beginning invocation!"}}
[info] i  functions: Beginning execution of "api" {"metadata":{"emulator":{"name":"functions"},"function":{"name":"api"},"message":"Beginning execution of \"api\""}}
[debug] [2021-05-13T17:26:42.329Z] [runtime-status] [1724] triggerDefinition {"httpsTrigger":{},"name":"api","entryPoint":"api"} {"metadata":{"emulator":{"name":"functions"},"function":{"name":"api"},"message":"[runtime-status] [1724] triggerDefinition {\"httpsTrigger\":{},\"name\":\"api\",\"entryPoint\":\"api\"}"}}
[debug] [2021-05-13T17:26:42.330Z] [runtime-status] [1724] Running api in mode HTTPS {"metadata":{"emulator":{"name":"functions"},"function":{"name":"api"},"message":"[runtime-status] [1724] Running api in mode HTTPS"}}
[debug] [2021-05-13T17:26:42.330Z] [runtime-status] [1724] Attempting to listen to socketPath: /var/folders/_3/msbfh7nx1xx45d1rnm_k5xcw0000gn/T/fire_emu_1724.sock {"metadata":{"emulator":{"name":"functions"},"function":{"name":"api"},"message":"[runtime-status] [1724] Attempting to listen to socketPath: /var/folders/_3/msbfh7nx1xx45d1rnm_k5xcw0000gn/T/fire_emu_1724.sock"}}
[debug] [2021-05-13T17:26:42.335Z] [functions] Runtime ready! Sending request! {"metadata":{"emulator":{"name":"functions"},"message":"[functions] Runtime ready! Sending request!"}}
[debug] [2021-05-13T17:26:42.335Z] [functions] Got req.url=/sangin-clone/us-central1/api/payments/create, mapping to path=/payments/create {"metadata":{"emulator":{"name":"functions"},"message":"[functions] Got req.url=/sangin-clone/us-central1/api/payments/create, mapping to path=/payments/create"}}
[debug] [2021-05-13T17:26:42.346Z] [runtime-status] [1724] Ephemeral server handling OPTIONS request {"metadata":{"emulator":{"name":"functions"},"function":{"name":"api"},"message":"[runtime-status] [1724] Ephemeral server handling OPTIONS request"}}
[debug] [2021-05-13T17:26:42.347Z] [runtime-status] [1724] Ephemeral server survived. {"metadata":{"emulator":{"name":"functions"},"function":{"name":"api"},"message":"[runtime-status] [1724] Ephemeral server survived."}}
[info] i  functions: Finished "api" in ~1s {"metadata":{"emulator":{"name":"functions"},"function":{"name":"api"},"message":"Finished \"api\" in ~1s"}}
[debug] [2021-05-13T17:26:42.370Z] [worker-api-cb128022-ff24-4e76-b00a-9c19b7d1b849]: IDLE {"metadata":{"emulator":{"name":"functions"},"message":"[worker-api-cb128022-ff24-4e76-b00a-9c19b7d1b849]: IDLE"}}
[debug] [2021-05-13T17:26:42.371Z] [work-queue] {"queueLength":0,"workRunningCount":0}
[debug] [2021-05-13T17:26:42.371Z] [work-queue] {"queueLength":1,"workRunningCount":0}
[debug] [2021-05-13T17:26:42.372Z] [work-queue] {"queueLength":0,"workRunningCount":1}
[debug] [2021-05-13T17:26:42.372Z] Accepted request POST /sangin-clone/us-central1/api/payments/create --> api
[debug] [2021-05-13T17:26:42.372Z] [worker-pool] submitWork(triggerId=api) {"metadata":{"emulator":{"name":"functions"},"message":"[worker-pool] submitWork(triggerId=api)"}}
[debug] [2021-05-13T17:26:42.372Z] [worker-api-cb128022-ff24-4e76-b00a-9c19b7d1b849]: Assigning socketPath: /var/folders/_3/msbfh7nx1xx45d1rnm_k5xcw0000gn/T/fire_emu_1724.sock {"metadata":{"emulator":{"name":"functions"},"message":"[worker-api-cb128022-ff24-4e76-b00a-9c19b7d1b849]: Assigning socketPath: /var/folders/_3/msbfh7nx1xx45d1rnm_k5xcw0000gn/T/fire_emu_1724.sock"}}
[debug] [2021-05-13T17:26:42.372Z] [worker-api-cb128022-ff24-4e76-b00a-9c19b7d1b849]: BUSY {"metadata":{"emulator":{"name":"functions"},"message":"[worker-api-cb128022-ff24-4e76-b00a-9c19b7d1b849]: BUSY"}}
[debug] [2021-05-13T17:26:42.382Z] [runtime-status] [1724] Trigger "api" has been found, beginning invocation! {"metadata":{"emulator":{"name":"functions"},"function":{"name":"api"},"message":"[runtime-status] [1724] Trigger \"api\" has been found, beginning invocation!"}}
[info] i  functions: Beginning execution of "api" {"metadata":{"emulator":{"name":"functions"},"function":{"name":"api"},"message":"Beginning execution of \"api\""}}
[debug] [2021-05-13T17:26:42.383Z] [runtime-status] [1724] triggerDefinition {"httpsTrigger":{},"name":"api","entryPoint":"api"} {"metadata":{"emulator":{"name":"functions"},"function":{"name":"api"},"message":"[runtime-status] [1724] triggerDefinition {\"httpsTrigger\":{},\"name\":\"api\",\"entryPoint\":\"api\"}"}}
[debug] [2021-05-13T17:26:42.383Z] [runtime-status] [1724] Running api in mode HTTPS {"metadata":{"emulator":{"name":"functions"},"function":{"name":"api"},"message":"[runtime-status] [1724] Running api in mode HTTPS"}}
[debug] [2021-05-13T17:26:42.383Z] [runtime-status] [1724] Attempting to listen to socketPath: /var/folders/_3/msbfh7nx1xx45d1rnm_k5xcw0000gn/T/fire_emu_1724.sock {"metadata":{"emulator":{"name":"functions"},"function":{"name":"api"},"message":"[runtime-status] [1724] Attempting to listen to socketPath: /var/folders/_3/msbfh7nx1xx45d1rnm_k5xcw0000gn/T/fire_emu_1724.sock"}}
[debug] [2021-05-13T17:26:42.384Z] [functions] Runtime ready! Sending request! {"metadata":{"emulator":{"name":"functions"},"message":"[functions] Runtime ready! Sending request!"}}
[debug] [2021-05-13T17:26:42.385Z] [functions] Got req.url=/sangin-clone/us-central1/api/payments/create, mapping to path=/payments/create {"metadata":{"emulator":{"name":"functions"},"message":"[functions] Got req.url=/sangin-clone/us-central1/api/payments/create, mapping to path=/payments/create"}}
[debug] [2021-05-13T17:26:42.448Z] [runtime-status] [1724] Ephemeral server handling POST request {"metadata":{"emulator":{"name":"functions"},"function":{"name":"api"},"message":"[runtime-status] [1724] Ephemeral server handling POST request"}}
[debug] [2021-05-13T17:26:42.488Z] [runtime-status] [1724] Ephemeral server survived. {"metadata":{"emulator":{"name":"functions"},"function":{"name":"api"},"message":"[runtime-status] [1724] Ephemeral server survived."}}
[info] i  functions: Finished "api" in ~1s {"metadata":{"emulator":{"name":"functions"},"function":{"name":"api"},"message":"Finished \"api\" in ~1s"}}
[debug] [2021-05-13T17:26:42.950Z] [worker-api-cb128022-ff24-4e76-b00a-9c19b7d1b849]: IDLE {"metadata":{"emulator":{"name":"functions"},"message":"[worker-api-cb128022-ff24-4e76-b00a-9c19b7d1b849]: IDLE"}}
[debug] [2021-05-13T17:26:42.950Z] [work-queue] {"queueLength":0,"workRunningCount":0}
